app/build/intermediates/manifest_merge_blame_file/debug/manifest-merger-blame-debug-report.txt
1<?xml version="1.0" encoding="utf-8"?>
2<manifest xmlns:android="http://schemas.android.com/apk/res/android"
3    package="com.example.comp3717_final_exam"
4    android:versionCode="1"
5    android:versionName="1.0" >
6
7    <uses-sdk
8        android:minSdkVersion="23"
8-->src\main\AndroidManifest.xml
9        android:targetSdkVersion="29" />
9-->src\main\AndroidManifest.xml
10
11    <uses-permission android:name="android.permission.ACCESS_NETWORK_STATE" />
11-->[com.google.firebase:firebase-firestore:17.1.2] AndroidManifest.xml:10:5-79
11-->[com.google.firebase:firebase-firestore:17.1.2] AndroidManifest.xml:10:22-76
12    <uses-permission android:name="android.permission.INTERNET" />
12-->[com.google.firebase:firebase-firestore:17.1.2] AndroidManifest.xml:11:5-67
12-->[com.google.firebase:firebase-firestore:17.1.2] AndroidManifest.xml:11:22-64
13    <uses-permission android:name="android.permission.WAKE_LOCK" />
13-->[com.google.android.gms:play-services-measurement:17.3.0] AndroidManifest.xml:25:5-68
13-->[com.google.android.gms:play-services-measurement:17.3.0] AndroidManifest.xml:25:22-65
14    <uses-permission android:name="com.google.android.finsky.permission.BIND_GET_INSTALL_REFERRER_SERVICE" /> <!-- Required by older versions of Google Play services to create IID tokens -->
14-->[com.google.android.gms:play-services-measurement:17.3.0] AndroidManifest.xml:26:5-110
14-->[com.google.android.gms:play-services-measurement:17.3.0] AndroidManifest.xml:26:22-107
15    <uses-permission android:name="com.google.android.c2dm.permission.RECEIVE" />
15-->[com.google.firebase:firebase-iid:20.0.2] AndroidManifest.xml:26:5-82
15-->[com.google.firebase:firebase-iid:20.0.2] AndroidManifest.xml:26:22-79
16
17    <application
17-->src\main\AndroidManifest.xml:5:5-19:19
18        android:allowBackup="true"
18-->src\main\AndroidManifest.xml:6:9-35
19        android:appComponentFactory="androidx.core.app.CoreComponentFactory"
19-->[androidx.core:core:1.1.0] AndroidManifest.xml:24:18-86
20        android:debuggable="true"
21        android:icon="@mipmap/ic_launcher"
21-->src\main\AndroidManifest.xml:7:9-43
22        android:label="@string/app_name"
22-->src\main\AndroidManifest.xml:8:9-41
23        android:roundIcon="@mipmap/ic_launcher_round"
23-->src\main\AndroidManifest.xml:9:9-54
24        android:supportsRtl="true"
24-->src\main\AndroidManifest.xml:10:9-35
25        android:testOnly="true"
26        android:theme="@style/AppTheme" >
26-->src\main\AndroidManifest.xml:11:9-40
27        <activity android:name="com.example.comp3717_final_exam.MainActivity" >
27-->src\main\AndroidManifest.xml:12:9-18:20
27-->src\main\AndroidManifest.xml:12:19-47
28            <intent-filter>
28-->src\main\AndroidManifest.xml:13:13-17:29
29                <action android:name="android.intent.action.MAIN" />
29-->src\main\AndroidManifest.xml:14:17-69
29-->src\main\AndroidManifest.xml:14:25-66
30
31                <category android:name="android.intent.category.LAUNCHER" />
31-->src\main\AndroidManifest.xml:16:17-77
31-->src\main\AndroidManifest.xml:16:27-74
32            </intent-filter>
33        </activity>
34
35        <service
35-->[com.google.firebase:firebase-firestore:17.1.2] AndroidManifest.xml:14:9-18:19
36            android:name="com.google.firebase.components.ComponentDiscoveryService"
36-->[com.google.firebase:firebase-firestore:17.1.2] AndroidManifest.xml:14:18-89
37            android:directBootAware="true"
37-->[com.google.firebase:firebase-common:19.3.0] AndroidManifest.xml:34:13-43
38            android:exported="false" >
38-->[com.google.firebase:firebase-auth:17.0.0] AndroidManifest.xml:35:13-37
39            <meta-data
39-->[com.google.firebase:firebase-firestore:17.1.2] AndroidManifest.xml:15:13-17:85
40                android:name="com.google.firebase.components:com.google.firebase.firestore.FirestoreRegistrar"
40-->[com.google.firebase:firebase-firestore:17.1.2] AndroidManifest.xml:16:17-111
41                android:value="com.google.firebase.components.ComponentRegistrar" />
41-->[com.google.firebase:firebase-firestore:17.1.2] AndroidManifest.xml:17:17-82
42            <meta-data
42-->[com.google.firebase:firebase-auth:17.0.0] AndroidManifest.xml:36:13-38:85
43                android:name="com.google.firebase.components:com.google.firebase.auth.FirebaseAuthRegistrar"
43-->[com.google.firebase:firebase-auth:17.0.0] AndroidManifest.xml:37:17-109
44                android:value="com.google.firebase.components.ComponentRegistrar" />
44-->[com.google.firebase:firebase-auth:17.0.0] AndroidManifest.xml:38:17-82
45            <meta-data
45-->[com.google.android.gms:play-services-measurement-api:17.3.0] AndroidManifest.xml:30:13-32:85
46                android:name="com.google.firebase.components:com.google.firebase.analytics.connector.internal.AnalyticsConnectorRegistrar"
46-->[com.google.android.gms:play-services-measurement-api:17.3.0] AndroidManifest.xml:31:17-139
47                android:value="com.google.firebase.components.ComponentRegistrar" />
47-->[com.google.android.gms:play-services-measurement-api:17.3.0] AndroidManifest.xml:32:17-82
48            <meta-data
48-->[com.google.firebase:firebase-iid:20.0.2] AndroidManifest.xml:32:13-34:85
49                android:name="com.google.firebase.components:com.google.firebase.iid.Registrar"
49-->[com.google.firebase:firebase-iid:20.0.2] AndroidManifest.xml:33:17-96
50                android:value="com.google.firebase.components.ComponentRegistrar" />
50-->[com.google.firebase:firebase-iid:20.0.2] AndroidManifest.xml:34:17-82
51        </service>
52
53        <activity
53-->[com.google.firebase:firebase-auth:17.0.0] AndroidManifest.xml:24:9-31:50
54            android:name="com.google.firebase.auth.internal.FederatedSignInActivity"
54-->[com.google.firebase:firebase-auth:17.0.0] AndroidManifest.xml:25:13-85
55            android:excludeFromRecents="true"
55-->[com.google.firebase:firebase-auth:17.0.0] AndroidManifest.xml:26:13-46
56            android:exported="true"
56-->[com.google.firebase:firebase-auth:17.0.0] AndroidManifest.xml:27:13-36
57            android:launchMode="singleTask"
57-->[com.google.firebase:firebase-auth:17.0.0] AndroidManifest.xml:28:13-44
58            android:permission="com.google.firebase.auth.api.gms.permission.LAUNCH_FEDERATED_SIGN_IN"
58-->[com.google.firebase:firebase-auth:17.0.0] AndroidManifest.xml:29:13-102
59            android:theme="@android:style/Theme.Translucent.NoTitleBar" />
59-->[com.google.firebase:firebase-auth:17.0.0] AndroidManifest.xml:30:13-72
60
61        <receiver
61-->[com.google.android.gms:play-services-measurement:17.3.0] AndroidManifest.xml:29:9-33:20
62            android:name="com.google.android.gms.measurement.AppMeasurementReceiver"
62-->[com.google.android.gms:play-services-measurement:17.3.0] AndroidManifest.xml:30:13-85
63            android:enabled="true"
63-->[com.google.android.gms:play-services-measurement:17.3.0] AndroidManifest.xml:31:13-35
64            android:exported="false" >
64-->[com.google.android.gms:play-services-measurement:17.3.0] AndroidManifest.xml:32:13-37
65        </receiver>
66        <receiver
66-->[com.google.android.gms:play-services-measurement:17.3.0] AndroidManifest.xml:34:9-42:20
67            android:name="com.google.android.gms.measurement.AppMeasurementInstallReferrerReceiver"
67-->[com.google.android.gms:play-services-measurement:17.3.0] AndroidManifest.xml:35:13-100
68            android:enabled="true"
68-->[com.google.android.gms:play-services-measurement:17.3.0] AndroidManifest.xml:36:13-35
69            android:exported="true"
69-->[com.google.android.gms:play-services-measurement:17.3.0] AndroidManifest.xml:37:13-36
70            android:permission="android.permission.INSTALL_PACKAGES" >
70-->[com.google.android.gms:play-services-measurement:17.3.0] AndroidManifest.xml:38:13-69
71            <intent-filter>
71-->[com.google.android.gms:play-services-measurement:17.3.0] AndroidManifest.xml:39:13-41:29
72                <action android:name="com.android.vending.INSTALL_REFERRER" />
72-->[com.google.android.gms:play-services-measurement:17.3.0] AndroidManifest.xml:40:17-79
72-->[com.google.android.gms:play-services-measurement:17.3.0] AndroidManifest.xml:40:25-76
73            </intent-filter>
74        </receiver>
75
76        <service
76-->[com.google.android.gms:play-services-measurement:17.3.0] AndroidManifest.xml:44:9-47:40
77            android:name="com.google.android.gms.measurement.AppMeasurementService"
77-->[com.google.android.gms:play-services-measurement:17.3.0] AndroidManifest.xml:45:13-84
78            android:enabled="true"
78-->[com.google.android.gms:play-services-measurement:17.3.0] AndroidManifest.xml:46:13-35
79            android:exported="false" />
79-->[com.google.android.gms:play-services-measurement:17.3.0] AndroidManifest.xml:47:13-37
80        <service
80-->[com.google.android.gms:play-services-measurement:17.3.0] AndroidManifest.xml:48:9-52:72
81            android:name="com.google.android.gms.measurement.AppMeasurementJobService"
81-->[com.google.android.gms:play-services-measurement:17.3.0] AndroidManifest.xml:49:13-87
82            android:enabled="true"
82-->[com.google.android.gms:play-services-measurement:17.3.0] AndroidManifest.xml:50:13-35
83            android:exported="false"
83-->[com.google.android.gms:play-services-measurement:17.3.0] AndroidManifest.xml:51:13-37
84            android:permission="android.permission.BIND_JOB_SERVICE" />
84-->[com.google.android.gms:play-services-measurement:17.3.0] AndroidManifest.xml:52:13-69
85
86        <receiver
86-->[com.google.firebase:firebase-iid:20.0.2] AndroidManifest.xml:37:9-44:20
87            android:name="com.google.firebase.iid.FirebaseInstanceIdReceiver"
87-->[com.google.firebase:firebase-iid:20.0.2] AndroidManifest.xml:38:13-78
88            android:exported="true"
88-->[com.google.firebase:firebase-iid:20.0.2] AndroidManifest.xml:39:13-36
89            android:permission="com.google.android.c2dm.permission.SEND" >
89-->[com.google.firebase:firebase-iid:20.0.2] AndroidManifest.xml:40:13-73
90            <intent-filter>
90-->[com.google.firebase:firebase-iid:20.0.2] AndroidManifest.xml:41:13-43:29
91                <action android:name="com.google.android.c2dm.intent.RECEIVE" />
91-->[com.google.firebase:firebase-iid:20.0.2] AndroidManifest.xml:42:17-81
91-->[com.google.firebase:firebase-iid:20.0.2] AndroidManifest.xml:42:25-78
92            </intent-filter>
93        </receiver>
94
95        <provider
95-->[com.google.firebase:firebase-common:19.3.0] AndroidManifest.xml:26:9-30:39
96            android:name="com.google.firebase.provider.FirebaseInitProvider"
96-->[com.google.firebase:firebase-common:19.3.0] AndroidManifest.xml:27:13-77
97            android:authorities="com.example.comp3717_final_exam.firebaseinitprovider"
97-->[com.google.firebase:firebase-common:19.3.0] AndroidManifest.xml:28:13-72
98            android:exported="false"
98-->[com.google.firebase:firebase-common:19.3.0] AndroidManifest.xml:29:13-37
99            android:initOrder="100" />
99-->[com.google.firebase:firebase-common:19.3.0] AndroidManifest.xml:30:13-36
100
101        <activity
101-->[com.google.android.gms:play-services-base:17.0.0] AndroidManifest.xml:23:9-26:75
102            android:name="com.google.android.gms.common.api.GoogleApiActivity"
102-->[com.google.android.gms:play-services-base:17.0.0] AndroidManifest.xml:24:13-79
103            android:exported="false"
103-->[com.google.android.gms:play-services-base:17.0.0] AndroidManifest.xml:25:13-37
104            android:theme="@android:style/Theme.Translucent.NoTitleBar" />
104-->[com.google.android.gms:play-services-base:17.0.0] AndroidManifest.xml:26:13-72
105
106        <meta-data
106-->[com.google.android.gms:play-services-basement:17.0.0] AndroidManifest.xml:23:9-25:69
107            android:name="com.google.android.gms.version"
107-->[com.google.android.gms:play-services-basement:17.0.0] AndroidManifest.xml:24:13-58
108            android:value="@integer/google_play_services_version" />
108-->[com.google.android.gms:play-services-basement:17.0.0] AndroidManifest.xml:25:13-66
109    </application>
110
111</manifest>